  Game.cpp
C:\Users\slava\source\repos\Biplanes\Biplanes\Game.h(34,1): warning C4326: return type of 'main' should be 'int' instead of 'void'
C:\Users\slava\source\repos\Biplanes\Biplanes\Game.cpp(18,72): warning C4244: 'argument': conversion from 'T' to 'T', possible loss of data
C:\Users\slava\source\repos\Biplanes\Biplanes\Game.cpp(18,72): warning C4244:         with
C:\Users\slava\source\repos\Biplanes\Biplanes\Game.cpp(18,72): warning C4244:         [
C:\Users\slava\source\repos\Biplanes\Biplanes\Game.cpp(18,72): warning C4244:             T=unsigned int
C:\Users\slava\source\repos\Biplanes\Biplanes\Game.cpp(18,72): warning C4244:         ]
C:\Users\slava\source\repos\Biplanes\Biplanes\Game.cpp(18,72): warning C4244:         and
C:\Users\slava\source\repos\Biplanes\Biplanes\Game.cpp(18,72): warning C4244:         [
C:\Users\slava\source\repos\Biplanes\Biplanes\Game.cpp(18,72): warning C4244:             T=float
C:\Users\slava\source\repos\Biplanes\Biplanes\Game.cpp(18,72): warning C4244:         ]
  Plane.cpp
C:\Users\slava\source\repos\Biplanes\Biplanes\Game.cpp(18,48): warning C4244: 'argument': conversion from 'T' to 'T', possible loss of data
C:\Users\slava\source\repos\Biplanes\Biplanes\Game.cpp(18,48): warning C4244:         with
C:\Users\slava\source\repos\Biplanes\Biplanes\Game.cpp(18,48): warning C4244:         [
C:\Users\slava\source\repos\Biplanes\Biplanes\Game.cpp(18,48): warning C4244:             T=unsigned int
C:\Users\slava\source\repos\Biplanes\Biplanes\Game.cpp(18,48): warning C4244:         ]
C:\Users\slava\source\repos\Biplanes\Biplanes\Game.cpp(18,48): warning C4244:         and
C:\Users\slava\source\repos\Biplanes\Biplanes\Game.cpp(18,48): warning C4244:         [
C:\Users\slava\source\repos\Biplanes\Biplanes\Game.cpp(18,48): warning C4244:             T=float
C:\Users\slava\source\repos\Biplanes\Biplanes\Game.cpp(18,48): warning C4244:         ]
C:\Users\slava\source\repos\Biplanes\Biplanes\Plane.cpp(18,48): warning C4244: 'argument': conversion from 'double' to 'T', possible loss of data
C:\Users\slava\source\repos\Biplanes\Biplanes\Plane.cpp(18,48): warning C4244:         with
C:\Users\slava\source\repos\Biplanes\Biplanes\Plane.cpp(18,48): warning C4244:         [
C:\Users\slava\source\repos\Biplanes\Biplanes\Plane.cpp(18,48): warning C4244:             T=float
C:\Users\slava\source\repos\Biplanes\Biplanes\Plane.cpp(18,48): warning C4244:         ]
C:\Users\slava\source\repos\Biplanes\Biplanes\Plane.cpp(18,34): warning C4244: 'argument': conversion from 'double' to 'T', possible loss of data
C:\Users\slava\source\repos\Biplanes\Biplanes\Plane.cpp(18,34): warning C4244:         with
C:\Users\slava\source\repos\Biplanes\Biplanes\Plane.cpp(18,34): warning C4244:         [
C:\Users\slava\source\repos\Biplanes\Biplanes\Plane.cpp(18,34): warning C4244:             T=float
C:\Users\slava\source\repos\Biplanes\Biplanes\Plane.cpp(18,34): warning C4244:         ]
C:\Users\slava\source\repos\Biplanes\Biplanes\Plane.cpp(52,48): warning C4244: 'argument': conversion from 'double' to 'T', possible loss of data
C:\Users\slava\source\repos\Biplanes\Biplanes\Plane.cpp(52,48): warning C4244:         with
C:\Users\slava\source\repos\Biplanes\Biplanes\Plane.cpp(52,48): warning C4244:         [
C:\Users\slava\source\repos\Biplanes\Biplanes\Plane.cpp(52,48): warning C4244:             T=float
C:\Users\slava\source\repos\Biplanes\Biplanes\Plane.cpp(52,48): warning C4244:         ]
  Generating Code...
C:\Users\slava\source\repos\Biplanes\Biplanes\Plane.cpp(52,34): warning C4244: 'argument': conversion from 'double' to 'T', possible loss of data
C:\Users\slava\source\repos\Biplanes\Biplanes\Plane.cpp(52,34): warning C4244:         with
C:\Users\slava\source\repos\Biplanes\Biplanes\Plane.cpp(52,34): warning C4244:         [
C:\Users\slava\source\repos\Biplanes\Biplanes\Plane.cpp(52,34): warning C4244:             T=float
C:\Users\slava\source\repos\Biplanes\Biplanes\Plane.cpp(52,34): warning C4244:         ]
  Biplanes.vcxproj -> C:\Users\slava\source\repos\Biplanes\Debug\Biplanes.exe
